[22:16:01] [main/INFO] (FabricLoader/GameProvider) Loading Minecraft 1.20.1 with Fabric Loader 0.14.21
[22:16:02] [main/INFO] (FabricLoader) Loading 46 mods:
	- fabric-api 0.83.1+1.20.1
	- fabric-api-base 0.4.29+b04edc7a77
	- fabric-api-lookup-api-v1 1.6.34+4d8536c977
	- fabric-biome-api-v1 13.0.10+b3afc78b77
	- fabric-block-api-v1 1.0.9+e022e5d177
	- fabric-blockrenderlayer-v1 1.1.39+b3afc78b77
	- fabric-client-tags-api-v1 1.0.20+b3afc78b77
	- fabric-command-api-v2 2.2.11+b3afc78b77
	- fabric-content-registries-v0 4.0.7+b3afc78b77
	- fabric-convention-tags-v1 1.5.3+b3afc78b77
	- fabric-crash-report-info-v1 0.2.18+aeb40ebe77
	- fabric-data-generation-api-v1 12.1.11+b3afc78b77
	- fabric-dimensions-v1 2.1.51+b3afc78b77
	- fabric-entity-events-v1 1.5.21+b3afc78b77
	- fabric-events-interaction-v0 0.6.0+b3afc78b77
	- fabric-game-rule-api-v1 1.0.38+b04edc7a77
	- fabric-gametest-api-v1 1.2.10+b3afc78b77
	- fabric-item-api-v1 2.1.26+b3afc78b77
	- fabric-item-group-api-v1 4.0.7+b3afc78b77
	- fabric-key-binding-api-v1 1.0.36+fb8d95da77
	- fabric-lifecycle-events-v1 2.2.20+b3afc78b77
	- fabric-loot-api-v2 1.1.37+b3afc78b77
	- fabric-message-api-v1 5.1.6+b3afc78b77
	- fabric-mining-level-api-v1 2.1.47+b3afc78b77
	- fabric-models-v0 0.3.35+b3afc78b77
	- fabric-networking-api-v1 1.3.8+b3afc78b77
	- fabric-object-builder-api-v1 11.0.6+b3afc78b77
	- fabric-particles-v1 1.0.28+b3afc78b77
	- fabric-recipe-api-v1 1.0.18+b3afc78b77
	- fabric-registry-sync-v0 2.2.6+b3afc78b77
	- fabric-renderer-api-v1 3.0.1+b3afc78b77
	- fabric-renderer-indigo 1.3.1+b3afc78b77
	- fabric-rendering-data-attachment-v1 0.3.33+b3afc78b77
	- fabric-rendering-fluids-v1 3.0.26+b3afc78b77
	- fabric-rendering-v1 3.0.6+b3afc78b77
	- fabric-resource-conditions-api-v1 2.3.5+ea08f9d877
	- fabric-resource-loader-v0 0.11.7+f7923f6d77
	- fabric-screen-api-v1 2.0.6+b3afc78b77
	- fabric-screen-handler-api-v1 1.3.27+b3afc78b77
	- fabric-sound-api-v1 1.0.12+b3afc78b77
	- fabric-transfer-api-v1 3.2.2+b3afc78b77
	- fabric-transitive-access-wideners-v1 4.2.0+b3afc78b77
	- fabricloader 0.14.21
	- java 17
	- minecraft 1.20.1
	- mymc 1.2.0
[22:16:03] [main/INFO] (FabricLoader/Mixin) SpongePowered MIXIN Subsystem Version=0.8.5 Source=file:/C:/Users/ahqj2209/.gradle/caches/modules-2/files-2.1/net.fabricmc/sponge-mixin/0.12.5+mixin.0.8.5/8d31fb97c3e0cd7c8dad3441851c523bcfae6d8e/sponge-mixin-0.12.5+mixin.0.8.5.jar Service=Knot/Fabric Env=CLIENT
[22:16:03] [main/INFO] (FabricLoader/Mixin) Loaded Fabric development mappings for mixin remapper!
[22:16:03] [main/INFO] (FabricLoader/Mixin) Compatibility level set to JAVA_16
[22:16:03] [main/INFO] (FabricLoader/Mixin) Compatibility level set to JAVA_17
[22:16:40] [Datafixer Bootstrap/INFO] (Minecraft) 188 Datafixer optimizations took 2398 milliseconds
[22:16:47] [Render thread/INFO] (Minecraft) Environment: authHost='https://authserver.mojang.com', accountsHost='https://api.mojang.com', sessionHost='https://sessionserver.mojang.com', servicesHost='https://api.minecraftservices.com', name='PROD'
[22:16:48] [Render thread/ERROR] (Minecraft) Failed to verify authentication
com.mojang.authlib.exceptions.InvalidCredentialsException: Status: 401
	at com.mojang.authlib.exceptions.MinecraftClientHttpException.toAuthenticationException(MinecraftClientHttpException.java:56) ~[authlib-4.0.43.jar:?]
	at com.mojang.authlib.yggdrasil.YggdrasilUserApiService.fetchProperties(YggdrasilUserApiService.java:156) ~[authlib-4.0.43.jar:?]
	at com.mojang.authlib.yggdrasil.YggdrasilUserApiService.<init>(YggdrasilUserApiService.java:55) ~[authlib-4.0.43.jar:?]
	at com.mojang.authlib.yggdrasil.YggdrasilAuthenticationService.createUserApiService(YggdrasilAuthenticationService.java:124) ~[authlib-4.0.43.jar:?]
	at net.minecraft.client.Minecraft.createUserApiService(Minecraft.java:733) ~[minecraft-merged-66856f620e-1.20.1-loom.mappings.1_20_1.layered+hash.2198-v2.jar:?]
	at net.minecraft.client.Minecraft.<init>(Minecraft.java:442) ~[minecraft-merged-66856f620e-1.20.1-loom.mappings.1_20_1.layered+hash.2198-v2.jar:?]
	at net.minecraft.client.main.Main.main(Main.java:211) ~[minecraft-merged-66856f620e-1.20.1-loom.mappings.1_20_1.layered+hash.2198-v2.jar:?]
	at net.fabricmc.loader.impl.game.minecraft.MinecraftGameProvider.launch(MinecraftGameProvider.java:468) ~[fabric-loader-0.14.21.jar:?]
	at net.fabricmc.loader.impl.launch.knot.Knot.launch(Knot.java:74) ~[fabric-loader-0.14.21.jar:?]
	at net.fabricmc.loader.impl.launch.knot.KnotClient.main(KnotClient.java:23) ~[fabric-loader-0.14.21.jar:?]
	at net.fabricmc.devlaunchinjector.Main.main(Main.java:86) ~[dev-launch-injector-0.2.1+build.8.jar:?]
Caused by: com.mojang.authlib.exceptions.MinecraftClientHttpException: Status: 401
	at com.mojang.authlib.minecraft.client.MinecraftClient.readInputStream(MinecraftClient.java:85) ~[authlib-4.0.43.jar:?]
	at com.mojang.authlib.minecraft.client.MinecraftClient.get(MinecraftClient.java:48) ~[authlib-4.0.43.jar:?]
	at com.mojang.authlib.yggdrasil.YggdrasilUserApiService.fetchProperties(YggdrasilUserApiService.java:129) ~[authlib-4.0.43.jar:?]
	... 9 more
[22:16:48] [Render thread/INFO] (Minecraft) Setting user: Player145
[22:16:49] [Render thread/INFO] (MymcMod) Initializing MymcMod
[22:16:49] [Render thread/INFO] (Indigo) [Indigo] Registering Indigo renderer!
[22:16:50] [Render thread/INFO] (Minecraft) Backend library: LWJGL version 3.3.1 SNAPSHOT
[22:16:54] [Render thread/INFO] (Minecraft) Reloading ResourceManager: vanilla, fabric (fabric-renderer-api-v1, fabric-recipe-api-v1, fabric-object-builder-api-v1, fabric-key-binding-api-v1, fabric-rendering-data-attachment-v1, fabric-transfer-api-v1, fabric-client-tags-api-v1, fabric-events-interaction-v0, fabric-models-v0, fabric-rendering-v1, fabric-lifecycle-events-v1, fabric-api-lookup-api-v1, fabric-transitive-access-wideners-v1, fabric-convention-tags-v1, fabric-screen-api-v1, fabric-networking-api-v1, fabric-resource-loader-v0, fabric-gametest-api-v1, fabric-registry-sync-v0, fabric-item-api-v1, fabric-resource-conditions-api-v1, fabric-entity-events-v1, fabric-command-api-v2, fabric-loot-api-v2, fabric-block-api-v1, fabricloader, fabric-rendering-fluids-v1, fabric-blockrenderlayer-v1, fabric-mining-level-api-v1, fabric-content-registries-v0, fabric-item-group-api-v1, fabric-api-base, fabric-particles-v1, fabric-screen-handler-api-v1, fabric-data-generation-api-v1, fabric-game-rule-api-v1, fabric-message-api-v1, fabric-crash-report-info-v1, fabric-sound-api-v1, fabric-api, mymc, fabric-renderer-indigo, fabric-dimensions-v1, fabric-biome-api-v1)
[22:16:54] [Worker-Main-1/INFO] (Minecraft) Found unifont_all_no_pua-15.0.06.hex, loading
[22:16:55] [Realms Notification Availability checker #1/INFO] (Minecraft) Could not authorize you against Realms server: Invalid session id
[22:17:00] [Render thread/WARN] (Minecraft) Missing sound for event: minecraft:item.goat_horn.play
[22:17:00] [Render thread/WARN] (Minecraft) Missing sound for event: minecraft:entity.goat.screaming.horn_break
[22:17:00] [Render thread/INFO] (Minecraft) OpenAL initialized on device OpenAL Soft on 扬声器 (2- High Definition Audio Device)
[22:17:00] [Render thread/INFO] (Minecraft) Sound engine started
[22:17:00] [Render thread/INFO] (Minecraft) Created: 1024x512x4 minecraft:textures/atlas/blocks.png-atlas
[22:17:00] [Render thread/INFO] (Minecraft) Created: 256x256x4 minecraft:textures/atlas/signs.png-atlas
[22:17:00] [Render thread/INFO] (Minecraft) Created: 512x512x4 minecraft:textures/atlas/banner_patterns.png-atlas
[22:17:00] [Render thread/INFO] (Minecraft) Created: 512x512x4 minecraft:textures/atlas/shield_patterns.png-atlas
[22:17:00] [Render thread/INFO] (Minecraft) Created: 1024x1024x4 minecraft:textures/atlas/armor_trims.png-atlas
[22:17:00] [Render thread/INFO] (Minecraft) Created: 256x256x4 minecraft:textures/atlas/chest.png-atlas
[22:17:00] [Render thread/INFO] (Minecraft) Created: 128x64x4 minecraft:textures/atlas/decorated_pot.png-atlas
[22:17:00] [Render thread/INFO] (Minecraft) Created: 512x256x4 minecraft:textures/atlas/beds.png-atlas
[22:17:00] [Render thread/INFO] (Minecraft) Created: 512x256x4 minecraft:textures/atlas/shulker_boxes.png-atlas
[22:17:01] [Render thread/WARN] (Minecraft) Shader rendertype_entity_translucent_emissive could not find sampler named Sampler2 in the specified shader program.
[22:17:01] [Render thread/INFO] (Minecraft) Created: 256x256x0 minecraft:textures/atlas/particles.png-atlas
[22:17:01] [Render thread/INFO] (Minecraft) Created: 256x256x0 minecraft:textures/atlas/paintings.png-atlas
[22:17:01] [Render thread/INFO] (Minecraft) Created: 128x128x0 minecraft:textures/atlas/mob_effects.png-atlas
[22:17:16] [Render thread/INFO] (Minecraft) Loaded 7 recipes
[22:17:16] [Render thread/INFO] (Minecraft) Loaded 1273 advancements
[22:17:17] [Render thread/INFO] (BiomeModificationImpl) Applied 0 biome modifications to 0 of 64 new biomes in 4.186 ms
[22:17:17] [Server thread/INFO] (Minecraft) Starting integrated minecraft server version 1.20.1
[22:17:17] [Server thread/INFO] (Minecraft) Generating keypair
[22:17:23] [Server thread/INFO] (Minecraft) Preparing start region for dimension minecraft:overworld
[22:17:32] [Render thread/INFO] (Minecraft) 准备生成区域中：0%
[22:17:32] [Render thread/INFO] (Minecraft) 准备生成区域中：0%
[22:17:32] [Render thread/INFO] (Minecraft) 准备生成区域中：0%
[22:17:32] [Render thread/INFO] (Minecraft) 准备生成区域中：0%
[22:17:32] [Render thread/INFO] (Minecraft) 准备生成区域中：0%
[22:17:32] [Render thread/INFO] (Minecraft) 准备生成区域中：0%
[22:17:32] [Render thread/INFO] (Minecraft) 准备生成区域中：0%
[22:17:32] [Render thread/INFO] (Minecraft) 准备生成区域中：0%
[22:17:32] [Render thread/INFO] (Minecraft) 准备生成区域中：0%
[22:17:32] [Render thread/INFO] (Minecraft) 准备生成区域中：0%
[22:17:32] [Render thread/INFO] (Minecraft) 准备生成区域中：0%
[22:17:32] [Render thread/INFO] (Minecraft) 准备生成区域中：0%
[22:17:32] [Render thread/INFO] (Minecraft) 准备生成区域中：0%
[22:17:32] [Render thread/INFO] (Minecraft) 准备生成区域中：0%
[22:17:32] [Render thread/INFO] (Minecraft) 准备生成区域中：0%
[22:17:32] [Render thread/INFO] (Minecraft) 准备生成区域中：0%
[22:17:32] [Render thread/INFO] (Minecraft) 准备生成区域中：0%
[22:17:32] [Render thread/INFO] (Minecraft) 准备生成区域中：0%
[22:17:32] [Render thread/INFO] (Minecraft) 准备生成区域中：0%
[22:17:33] [Render thread/INFO] (Minecraft) 准备生成区域中：0%
[22:17:34] [Render thread/INFO] (Minecraft) 准备生成区域中：12%
[22:17:34] [Render thread/INFO] (Minecraft) 准备生成区域中：55%
[22:17:34] [Render thread/INFO] (Minecraft) 准备生成区域中：83%
[22:17:35] [Render thread/INFO] (Minecraft) Time elapsed: 11729 ms
[22:17:35] [Server thread/INFO] (Minecraft) Changing view distance to 14, from 10
[22:17:35] [Server thread/INFO] (Minecraft) Changing simulation distance to 12, from 0
[22:17:38] [Server thread/INFO] (Minecraft) Player145[local:E:8547857f] logged in with entity id 314 at (-29.5, 80.0, -34.5)
[22:17:38] [Server thread/INFO] (Minecraft) Player145加入了游戏
[22:17:39] [Server thread/WARN] (Minecraft) Can't keep up! Is the server overloaded? Running 2810ms or 56 ticks behind
[22:17:41] [Render thread/INFO] (Minecraft) Loaded 6 advancements
[22:18:00] [Server thread/WARN] (Minecraft) Can't keep up! Is the server overloaded? Running 5758ms or 115 ticks behind
[22:19:11] [Server thread/INFO] (Minecraft) Player145被杀死了
[22:19:11] [Server thread/INFO] (Minecraft) [Player145: 杀死了Player145]
[22:19:11] [Render thread/INFO] (Minecraft) [System] [CHAT] Player145被杀死了
[22:19:11] [Render thread/INFO] (Minecraft) [System] [CHAT] 杀死了Player145
[22:19:34] [Server thread/INFO] (Minecraft) Player145被杀死了
[22:19:34] [Server thread/INFO] (Minecraft) [Player145: 杀死了Player145]
[22:19:34] [Render thread/INFO] (Minecraft) [System] [CHAT] Player145被杀死了
[22:19:34] [Render thread/INFO] (Minecraft) [System] [CHAT] 杀死了Player145
[22:20:19] [Server thread/INFO] (Minecraft) [Player145: 已将自己的游戏模式设置为生存模式]
[22:20:19] [Render thread/INFO] (Minecraft) [System] [CHAT] 已将自己的游戏模式设置为生存模式
[22:20:25] [Server thread/INFO] (Minecraft) [Player145: 已将自己的游戏模式设置为创造模式]
[22:20:25] [Render thread/INFO] (Minecraft) [System] [CHAT] 已将自己的游戏模式设置为创造模式
[22:20:26] [Server thread/INFO] (Minecraft) Saving and pausing game...
[22:20:26] [Server thread/INFO] (Minecraft) Saving chunks for level 'ServerLevel[新的世界]'/minecraft:overworld
[22:20:26] [Server thread/INFO] (Minecraft) Saving chunks for level 'ServerLevel[新的世界]'/minecraft:the_nether
[22:20:26] [Server thread/INFO] (Minecraft) Saving chunks for level 'ServerLevel[新的世界]'/minecraft:the_end
[22:23:21] [Server thread/INFO] (Minecraft) Player145取得了进度[附魔师]
[22:23:21] [Render thread/INFO] (Minecraft) [System] [CHAT] Player145取得了进度[附魔师]
[22:23:21] [Render thread/INFO] (Minecraft) Loaded 13 advancements
[22:24:18] [Server thread/INFO] (Minecraft) Saving and pausing game...
[22:24:18] [Server thread/INFO] (Minecraft) Saving chunks for level 'ServerLevel[新的世界]'/minecraft:overworld
[22:24:18] [Server thread/INFO] (Minecraft) Saving chunks for level 'ServerLevel[新的世界]'/minecraft:the_nether
[22:24:18] [Server thread/INFO] (Minecraft) Saving chunks for level 'ServerLevel[新的世界]'/minecraft:the_end
[22:25:04] [Render thread/INFO] (Minecraft) Loaded 15 advancements
[22:25:57] [Server thread/INFO] (Minecraft) Saving and pausing game...
[22:25:57] [Server thread/INFO] (Minecraft) Saving chunks for level 'ServerLevel[新的世界]'/minecraft:overworld
[22:25:57] [Server thread/INFO] (Minecraft) Saving chunks for level 'ServerLevel[新的世界]'/minecraft:the_nether
[22:25:57] [Server thread/INFO] (Minecraft) Saving chunks for level 'ServerLevel[新的世界]'/minecraft:the_end
[22:27:37] [Render thread/INFO] (Minecraft) Loaded 43 advancements
[22:29:27] [Server thread/INFO] (Minecraft) [Player145: 已将自己的游戏模式设置为生存模式]
[22:29:27] [Render thread/INFO] (Minecraft) [System] [CHAT] 已将自己的游戏模式设置为生存模式
[22:29:30] [Server thread/INFO] (Minecraft) [Player145: 已将自己的游戏模式设置为创造模式]
[22:29:30] [Render thread/INFO] (Minecraft) [System] [CHAT] 已将自己的游戏模式设置为创造模式
[22:29:31] [Server thread/INFO] (Minecraft) Saving and pausing game...
[22:29:31] [Server thread/INFO] (Minecraft) Saving chunks for level 'ServerLevel[新的世界]'/minecraft:overworld
[22:29:31] [Server thread/INFO] (Minecraft) Saving chunks for level 'ServerLevel[新的世界]'/minecraft:the_nether
[22:29:31] [Server thread/INFO] (Minecraft) Saving chunks for level 'ServerLevel[新的世界]'/minecraft:the_end
[22:29:35] [Server thread/INFO] (Minecraft) [Player145: 已将自己的游戏模式设置为生存模式]
[22:29:35] [Render thread/INFO] (Minecraft) [System] [CHAT] 已将自己的游戏模式设置为生存模式
[22:30:10] [Server thread/INFO] (Minecraft) Saving and pausing game...
[22:30:10] [Server thread/INFO] (Minecraft) Saving chunks for level 'ServerLevel[新的世界]'/minecraft:overworld
[22:30:10] [Server thread/INFO] (Minecraft) Saving chunks for level 'ServerLevel[新的世界]'/minecraft:the_nether
[22:30:10] [Server thread/INFO] (Minecraft) Saving chunks for level 'ServerLevel[新的世界]'/minecraft:the_end
[22:30:18] [Server thread/INFO] (Minecraft) [Player145: 已将自己的游戏模式设置为创造模式]
[22:30:18] [Render thread/INFO] (Minecraft) [System] [CHAT] 已将自己的游戏模式设置为创造模式
[22:30:27] [Server thread/INFO] (Minecraft) [Player145: 已将自己的游戏模式设置为生存模式]
[22:30:27] [Render thread/INFO] (Minecraft) [System] [CHAT] 已将自己的游戏模式设置为生存模式
[22:30:34] [Render thread/INFO] (Minecraft) Loaded 61 advancements
[22:30:47] [Server thread/INFO] (Minecraft) [Player145: 已将自己的游戏模式设置为创造模式]
[22:30:47] [Render thread/INFO] (Minecraft) [System] [CHAT] 已将自己的游戏模式设置为创造模式
[22:30:59] [Server thread/INFO] (Minecraft) [Player145: 已将自己的游戏模式设置为生存模式]
[22:30:59] [Render thread/INFO] (Minecraft) [System] [CHAT] 已将自己的游戏模式设置为生存模式
[22:31:27] [Server thread/INFO] (Minecraft) Player145从高处摔了下来
[22:31:27] [Render thread/INFO] (Minecraft) [System] [CHAT] Player145从高处摔了下来
[22:31:45] [Server thread/INFO] (Minecraft) [Player145: 已将自己的游戏模式设置为创造模式]
[22:31:45] [Render thread/INFO] (Minecraft) [System] [CHAT] 已将自己的游戏模式设置为创造模式
[22:32:24] [Server thread/INFO] (Minecraft) [Player145: 已将自己的游戏模式设置为生存模式]
[22:32:24] [Render thread/INFO] (Minecraft) [System] [CHAT] 已将自己的游戏模式设置为生存模式
[22:32:44] [Server thread/INFO] (Minecraft) [Player145: 已将自己的游戏模式设置为创造模式]
[22:32:44] [Render thread/INFO] (Minecraft) [System] [CHAT] 已将自己的游戏模式设置为创造模式
[22:33:48] [Server thread/INFO] (Minecraft) [Player145: 已将自己的游戏模式设置为生存模式]
[22:33:48] [Render thread/INFO] (Minecraft) [System] [CHAT] 已将自己的游戏模式设置为生存模式
[22:34:31] [Server thread/INFO] (Minecraft) Saving and pausing game...
[22:34:31] [Server thread/INFO] (Minecraft) Saving chunks for level 'ServerLevel[新的世界]'/minecraft:overworld
[22:34:31] [Server thread/INFO] (Minecraft) Saving chunks for level 'ServerLevel[新的世界]'/minecraft:the_nether
[22:34:31] [Server thread/INFO] (Minecraft) Saving chunks for level 'ServerLevel[新的世界]'/minecraft:the_end
[22:34:50] [Render thread/INFO] (Minecraft) Loaded 70 advancements
[22:34:51] [Server thread/INFO] (Minecraft) Player145被监守者杀死了
[22:34:52] [Render thread/INFO] (Minecraft) [System] [CHAT] Player145被监守者杀死了
[22:34:57] [Render thread/INFO] (Minecraft) Loaded 73 advancements
[22:35:20] [Server thread/INFO] (Minecraft) Saving and pausing game...
[22:35:20] [Server thread/INFO] (Minecraft) Saving chunks for level 'ServerLevel[新的世界]'/minecraft:overworld
[22:35:20] [Server thread/INFO] (Minecraft) Saving chunks for level 'ServerLevel[新的世界]'/minecraft:the_nether
[22:35:20] [Server thread/INFO] (Minecraft) Saving chunks for level 'ServerLevel[新的世界]'/minecraft:the_end
[22:35:20] [Server thread/INFO] (Minecraft) Player145 lost connection: 连接中断
[22:35:20] [Server thread/INFO] (Minecraft) Player145退出了游戏
[22:35:20] [Server thread/INFO] (Minecraft) Stopping singleplayer server as player logged out
[22:35:21] [Server thread/INFO] (Minecraft) Stopping server
[22:35:21] [Server thread/INFO] (Minecraft) Saving players
[22:35:21] [Server thread/INFO] (Minecraft) Saving worlds
[22:35:23] [Server thread/INFO] (Minecraft) Saving chunks for level 'ServerLevel[新的世界]'/minecraft:overworld
[22:35:29] [Server thread/INFO] (Minecraft) Saving chunks for level 'ServerLevel[新的世界]'/minecraft:the_nether
[22:35:29] [Server thread/INFO] (Minecraft) Saving chunks for level 'ServerLevel[新的世界]'/minecraft:the_end
[22:35:29] [Server thread/INFO] (Minecraft) ThreadedAnvilChunkStorage (新的世界): All chunks are saved
[22:35:29] [Server thread/INFO] (Minecraft) ThreadedAnvilChunkStorage (DIM-1): All chunks are saved
[22:35:29] [Server thread/INFO] (Minecraft) ThreadedAnvilChunkStorage (DIM1): All chunks are saved
[22:35:29] [Server thread/INFO] (Minecraft) ThreadedAnvilChunkStorage: All dimensions are saved
[22:35:33] [Render thread/INFO] (Minecraft) Stopping!
